<?xml version="1.0" encoding="UTF-8"?>
<!-- Generated by org.testng.reporters.JUnitReportReporter -->
<testsuite hostname="DESKTOP-P2BVMSV" failures="0" tests="1" name="SaimaNova.AutomationProject.test" time="12.055" errors="0" timestamp="2024-01-18T21:05:15 BDT" skipped="0">
  <testcase classname="SaimaNova.AutomationProject.test" name="firstTest" time="12.055"/>
</testsuite> <!-- SaimaNova.AutomationProject.test -->
